Arguments: 
  /Users/tositos/.nvm/versions/node/v20.10.0/bin/node /usr/local/Cellar/yarn/1.22.19/libexec/bin/yarn.js add -D @types/iyzipay

PATH: 
  /usr/local/opt/node@16/bin:/Users/tositos/.rbenv/shims:/Users/tositos/.rbenv/bin:/Users/tositos/flutter/bin:/Users/tositos/Library/Android/sdk/:/Users/tositos/Library/Android/sdk/tools:/Users/tositos/Library/Android/sdk/platform-tools/:/Users/tositos/.composer/vendor/bin/:/Users/tositos/.nvm/versions/node/v20.10.0/bin:/usr/local/bin:/usr/bin:/bin:/usr/sbin:/sbin:/Library/Apple/usr/bin:/Users/tositos/.rbenv/shims:/Users/tositos/.rbenv/bin:/Users/tositos/flutter/bin:/Users/tositos/Library/Android/sdk/:/Users/tositos/Library/Android/sdk/tools:/Users/tositos/Library/Android/sdk/platform-tools/:/Users/tositos/.composer/vendor/bin/:/Users/tositos/.fzf/bin

Yarn version: 
  1.22.19

Node version: 
  20.10.0

Platform: 
  darwin x64

Trace: 
  Error: https://registry.yarnpkg.com/@types%2fiyzipay: Not found
      at params.callback [as _callback] (/usr/local/Cellar/yarn/1.22.19/libexec/lib/cli.js:66145:18)
      at self.callback (/usr/local/Cellar/yarn/1.22.19/libexec/lib/cli.js:140890:22)
      at Request.emit (node:events:514:28)
      at Request.<anonymous> (/usr/local/Cellar/yarn/1.22.19/libexec/lib/cli.js:141862:10)
      at Request.emit (node:events:514:28)
      at IncomingMessage.<anonymous> (/usr/local/Cellar/yarn/1.22.19/libexec/lib/cli.js:141784:12)
      at Object.onceWrapper (node:events:628:28)
      at IncomingMessage.emit (node:events:526:35)
      at endReadableNT (node:internal/streams/readable:1589:12)
      at process.processTicksAndRejections (node:internal/process/task_queues:82:21)

npm manifest: 
  No manifest

yarn manifest: 
  No manifest

Lockfile: 
  No lockfile
